<?xml version="1.0" encoding="UTF-8"?>
<!-- Generated by org.testng.reporters.JUnitXMLReporter -->
<testsuite ignored="0" hostname="PRITI-LAPTOP" failures="0" tests="4" name="Default test" time="1.314" errors="0" timestamp="2025-05-19T15:51:11 IST">
  <testcase classname="com.dictionary.DictionaryAppTest" name="testAnagram" time="0.021"/>
  <testcase classname="com.dictionary.DictionaryAppTest" name="testInvalidWord" time="0.999"/>
  <testcase classname="com.dictionary.DictionaryAppTest" name="testPalindrome" time="0.003"/>
  <testcase classname="com.dictionary.DictionaryAppTest" name="testValidWord" time="0.202"/>
</testsuite> <!-- Default test -->
