<?xml version="1.0" encoding="UTF-8"?>
<testsuite xmlns:xsi="http://www.w3.org/2001/XMLSchema-instance" xsi:noNamespaceSchemaLocation="https://maven.apache.org/surefire/maven-surefire-plugin/xsd/surefire-test-report-3.0.xsd" version="3.0" name="TestSuite" time="2.117" tests="4" errors="0" skipped="0" failures="0">
  <properties>
[...]
</properties>
  <testcase name="testAnagram" classname="com.dictionary.DictionaryAppTest" time="0.037">
    <system-err><![CDATA[SLF4J: Failed to load class "org.slf4j.impl.StaticLoggerBinder".
SLF4J: Defaulting to no-operation (NOP) logger implementation
SLF4J: See http://www.slf4j.org/codes.html#StaticLoggerBinder for further details.
]]></system-err>
  </testcase>
  <testcase name="testInvalidWord" classname="com.dictionary.DictionaryAppTest" time="1.017"/>
  <testcase name="testPalindrome" classname="com.dictionary.DictionaryAppTest" time="0.001"/>
  <testcase name="testValidWord" classname="com.dictionary.DictionaryAppTest" time="0.035"/>
</testsuite>