<?xml version="1.0" encoding="UTF-8"?>
<testng-results ignored="0" total="4" passed="4" failed="0" skipped="0">
  <reporter-output>
  </reporter-output>
  <suite started-at="2025-05-19T16:10:20 IST" name="DictionaryAppSuite" finished-at="2025-05-19T16:10:21 IST" duration-ms="1085">
    <groups>
    </groups>
    <test started-at="2025-05-19T16:10:20 IST" name="DictionaryTests" finished-at="2025-05-19T16:10:21 IST" duration-ms="1085">
      <class name="com.dictionary.DictionaryAppTest">
        <test-method signature="testAnagram()[pri:0, instance:com.dictionary.DictionaryAppTest@47faa49c]" started-at="2025-05-19T16:10:20 IST" name="testAnagram" finished-at="2025-05-19T16:10:20 IST" duration-ms="36" status="PASS">
          <reporter-output>
          </reporter-output>
        </test-method> <!-- testAnagram -->
        <test-method signature="testInvalidWord()[pri:0, instance:com.dictionary.DictionaryAppTest@47faa49c]" started-at="2025-05-19T16:10:20 IST" name="testInvalidWord" finished-at="2025-05-19T16:10:21 IST" duration-ms="923" status="PASS">
          <reporter-output>
          </reporter-output>
        </test-method> <!-- testInvalidWord -->
        <test-method signature="testPalindrome()[pri:0, instance:com.dictionary.DictionaryAppTest@47faa49c]" started-at="2025-05-19T16:10:21 IST" name="testPalindrome" finished-at="2025-05-19T16:10:21 IST" duration-ms="3" status="PASS">
          <reporter-output>
          </reporter-output>
        </test-method> <!-- testPalindrome -->
        <test-method signature="testValidWord()[pri:0, instance:com.dictionary.DictionaryAppTest@47faa49c]" started-at="2025-05-19T16:10:21 IST" name="testValidWord" finished-at="2025-05-19T16:10:21 IST" duration-ms="30" status="PASS">
          <reporter-output>
          </reporter-output>
        </test-method> <!-- testValidWord -->
      </class> <!-- com.dictionary.DictionaryAppTest -->
    </test> <!-- DictionaryTests -->
  </suite> <!-- DictionaryAppSuite -->
</testng-results>
