<?xml version="1.0" encoding="UTF-8"?>
<!-- Generated by org.testng.reporters.JUnitXMLReporter -->
<testsuite ignored="0" hostname="PRITI-LAPTOP" failures="0" tests="4" name="DictionaryTests" time="1.172" errors="0" timestamp="2025-05-19T16:05:31 IST">
  <testcase classname="com.dictionary.DictionaryAppTest" name="testAnagram" time="0.033"/>
  <testcase classname="com.dictionary.DictionaryAppTest" name="testInvalidWord" time="1.03"/>
  <testcase classname="com.dictionary.DictionaryAppTest" name="testPalindrome" time="0.001"/>
  <testcase classname="com.dictionary.DictionaryAppTest" name="testValidWord" time="0.035"/>
</testsuite> <!-- DictionaryTests -->
